{"/Users/juancarlosmerlosalbarracin/CascadeProjects/R_GO_local/scripts/hooks-system/application/services/notification/NotificationCenterService.js": {"path":"/Users/juancarlosmerlosalbarracin/CascadeProjects/R_GO_local/scripts/hooks-system/application/services/notification/NotificationCenterService.js","statementMap":{"0":{"start":{"line":16,"column":22},"end":{"line":16,"column":46}},"1":{"start":{"line":17,"column":11},"end":{"line":17,"column":24}},"2":{"start":{"line":18,"column":13},"end":{"line":18,"column":28}},"3":{"start":{"line":19,"column":15},"end":{"line":19,"column":32}},"4":{"start":{"line":21,"column":22},"end":{"line":21,"column":57}},"5":{"start":{"line":25,"column":4},"end":{"line":25,"column":53}},"6":{"start":{"line":26,"column":4},"end":{"line":26,"column":44}},"7":{"start":{"line":29,"column":4},"end":{"line":29,"column":20}},"8":{"start":{"line":30,"column":4},"end":{"line":30,"column":28}},"9":{"start":{"line":31,"column":4},"end":{"line":31,"column":51}},"10":{"start":{"line":34,"column":4},"end":{"line":34,"column":38}},"11":{"start":{"line":35,"column":4},"end":{"line":35,"column":70}},"12":{"start":{"line":38,"column":4},"end":{"line":38,"column":31}},"13":{"start":{"line":39,"column":4},"end":{"line":39,"column":63}},"14":{"start":{"line":40,"column":4},"end":{"line":51,"column":6}},"15":{"start":{"line":54,"column":4},"end":{"line":54,"column":63}},"16":{"start":{"line":55,"column":4},"end":{"line":55,"column":49}},"17":{"start":{"line":56,"column":4},"end":{"line":56,"column":63}},"18":{"start":{"line":57,"column":4},"end":{"line":57,"column":45}},"19":{"start":{"line":58,"column":4},"end":{"line":58,"column":52}},"20":{"start":{"line":61,"column":4},"end":{"line":68,"column":6}},"21":{"start":{"line":71,"column":4},"end":{"line":71,"column":58}},"22":{"start":{"line":72,"column":4},"end":{"line":72,"column":27}},"23":{"start":{"line":74,"column":27},"end":{"line":74,"column":108}},"24":{"start":{"line":75,"column":4},"end":{"line":75,"column":68}},"25":{"start":{"line":76,"column":4},"end":{"line":80,"column":7}},"26":{"start":{"line":84,"column":23},"end":{"line":88,"column":5}},"27":{"start":{"line":89,"column":4},"end":{"line":89,"column":58}},"28":{"start":{"line":89,"column":32},"end":{"line":89,"column":48}},"29":{"start":{"line":93,"column":4},"end":{"line":93,"column":77}},"30":{"start":{"line":107,"column":4},"end":{"line":109,"column":5}},"31":{"start":{"line":108,"column":6},"end":{"line":108,"column":19}},"32":{"start":{"line":111,"column":4},"end":{"line":114,"column":5}},"33":{"start":{"line":112,"column":6},"end":{"line":112,"column":95}},"34":{"start":{"line":113,"column":6},"end":{"line":113,"column":19}},"35":{"start":{"line":116,"column":21},"end":{"line":124,"column":5}},"36":{"start":{"line":127,"column":4},"end":{"line":134,"column":5}},"37":{"start":{"line":128,"column":6},"end":{"line":128,"column":37}},"38":{"start":{"line":129,"column":6},"end":{"line":132,"column":9}},"39":{"start":{"line":133,"column":6},"end":{"line":133,"column":19}},"40":{"start":{"line":137,"column":4},"end":{"line":144,"column":5}},"41":{"start":{"line":138,"column":6},"end":{"line":138,"column":40}},"42":{"start":{"line":139,"column":6},"end":{"line":142,"column":9}},"43":{"start":{"line":143,"column":6},"end":{"line":143,"column":19}},"44":{"start":{"line":146,"column":4},"end":{"line":146,"column":30}},"45":{"start":{"line":147,"column":4},"end":{"line":147,"column":31}},"46":{"start":{"line":149,"column":4},"end":{"line":153,"column":7}},"47":{"start":{"line":156,"column":4},"end":{"line":158,"column":5}},"48":{"start":{"line":157,"column":6},"end":{"line":157,"column":77}},"49":{"start":{"line":157,"column":41},"end":{"line":157,"column":53}},"50":{"start":{"line":160,"column":4},"end":{"line":160,"column":16}},"51":{"start":{"line":167,"column":17},"end":{"line":167,"column":52}},"52":{"start":{"line":168,"column":16},"end":{"line":168,"column":26}},"53":{"start":{"line":170,"column":4},"end":{"line":182,"column":5}},"54":{"start":{"line":171,"column":23},"end":{"line":171,"column":54}},"55":{"start":{"line":173,"column":6},"end":{"line":177,"column":7}},"56":{"start":{"line":174,"column":8},"end":{"line":174,"column":25}},"57":{"start":{"line":175,"column":8},"end":{"line":175,"column":32}},"58":{"start":{"line":176,"column":8},"end":{"line":176,"column":20}},"59":{"start":{"line":180,"column":6},"end":{"line":180,"column":83}},"60":{"start":{"line":181,"column":6},"end":{"line":181,"column":19}},"61":{"start":{"line":184,"column":4},"end":{"line":184,"column":81}},"62":{"start":{"line":187,"column":4},"end":{"line":187,"column":38}},"63":{"start":{"line":189,"column":4},"end":{"line":189,"column":17}},"64":{"start":{"line":196,"column":20},"end":{"line":196,"column":88}},"65":{"start":{"line":197,"column":4},"end":{"line":197,"column":66}},"66":{"start":{"line":204,"column":4},"end":{"line":206,"column":5}},"67":{"start":{"line":205,"column":6},"end":{"line":205,"column":13}},"68":{"start":{"line":208,"column":4},"end":{"line":212,"column":5}},"69":{"start":{"line":209,"column":6},"end":{"line":211,"column":7}},"70":{"start":{"line":210,"column":8},"end":{"line":210,"column":43}},"71":{"start":{"line":219,"column":17},"end":{"line":219,"column":34}},"72":{"start":{"line":220,"column":16},"end":{"line":220,"column":26}},"73":{"start":{"line":222,"column":4},"end":{"line":224,"column":5}},"74":{"start":{"line":223,"column":6},"end":{"line":223,"column":19}},"75":{"start":{"line":226,"column":21},"end":{"line":226,"column":45}},"76":{"start":{"line":227,"column":23},"end":{"line":227,"column":75}},"77":{"start":{"line":229,"column":4},"end":{"line":229,"column":41}},"78":{"start":{"line":236,"column":4},"end":{"line":236,"column":54}},"79":{"start":{"line":243,"column":4},"end":{"line":245,"column":5}},"80":{"start":{"line":244,"column":6},"end":{"line":244,"column":13}},"81":{"start":{"line":247,"column":4},"end":{"line":247,"column":27}},"82":{"start":{"line":249,"column":4},"end":{"line":252,"column":5}},"83":{"start":{"line":250,"column":6},"end":{"line":250,"column":36}},"84":{"start":{"line":251,"column":6},"end":{"line":251,"column":29}},"85":{"start":{"line":254,"column":4},"end":{"line":257,"column":5}},"86":{"start":{"line":255,"column":27},"end":{"line":255,"column":45}},"87":{"start":{"line":256,"column":6},"end":{"line":256,"column":36}},"88":{"start":{"line":259,"column":4},"end":{"line":259,"column":28}},"89":{"start":{"line":266,"column":23},"end":{"line":266,"column":106}},"90":{"start":{"line":268,"column":4},"end":{"line":287,"column":5}},"91":{"start":{"line":268,"column":23},"end":{"line":268,"column":24}},"92":{"start":{"line":269,"column":6},"end":{"line":272,"column":7}},"93":{"start":{"line":270,"column":8},"end":{"line":270,"column":34}},"94":{"start":{"line":271,"column":8},"end":{"line":271,"column":54}},"95":{"start":{"line":274,"column":22},"end":{"line":274,"column":60}},"96":{"start":{"line":276,"column":6},"end":{"line":286,"column":7}},"97":{"start":{"line":277,"column":8},"end":{"line":277,"column":31}},"98":{"start":{"line":278,"column":8},"end":{"line":278,"column":36}},"99":{"start":{"line":279,"column":8},"end":{"line":284,"column":11}},"100":{"start":{"line":285,"column":8},"end":{"line":285,"column":20}},"101":{"start":{"line":289,"column":4},"end":{"line":289,"column":29}},"102":{"start":{"line":290,"column":4},"end":{"line":294,"column":7}},"103":{"start":{"line":295,"column":4},"end":{"line":295,"column":17}},"104":{"start":{"line":302,"column":31},"end":{"line":302,"column":43}},"105":{"start":{"line":305,"column":4},"end":{"line":309,"column":5}},"106":{"start":{"line":306,"column":6},"end":{"line":308,"column":7}},"107":{"start":{"line":307,"column":8},"end":{"line":307,"column":20}},"108":{"start":{"line":312,"column":4},"end":{"line":316,"column":5}},"109":{"start":{"line":313,"column":6},"end":{"line":315,"column":7}},"110":{"start":{"line":314,"column":8},"end":{"line":314,"column":20}},"111":{"start":{"line":319,"column":4},"end":{"line":319,"column":69}},"112":{"start":{"line":320,"column":4},"end":{"line":320,"column":17}},"113":{"start":{"line":327,"column":4},"end":{"line":357,"column":5}},"114":{"start":{"line":328,"column":20},"end":{"line":328,"column":39}},"115":{"start":{"line":329,"column":20},"end":{"line":329,"column":89}},"116":{"start":{"line":330,"column":23},"end":{"line":330,"column":87}},"117":{"start":{"line":332,"column":19},"end":{"line":338,"column":7}},"118":{"start":{"line":340,"column":6},"end":{"line":342,"column":7}},"119":{"start":{"line":341,"column":8},"end":{"line":341,"column":41}},"120":{"start":{"line":344,"column":6},"end":{"line":346,"column":7}},"121":{"start":{"line":345,"column":8},"end":{"line":345,"column":64}},"122":{"start":{"line":348,"column":21},"end":{"line":351,"column":8}},"123":{"start":{"line":353,"column":6},"end":{"line":353,"column":33}},"124":{"start":{"line":355,"column":6},"end":{"line":355,"column":78}},"125":{"start":{"line":356,"column":6},"end":{"line":356,"column":19}},"126":{"start":{"line":364,"column":4},"end":{"line":381,"column":5}},"127":{"start":{"line":365,"column":20},"end":{"line":365,"column":39}},"128":{"start":{"line":366,"column":20},"end":{"line":366,"column":89}},"129":{"start":{"line":367,"column":29},"end":{"line":367,"column":77}},"130":{"start":{"line":368,"column":27},"end":{"line":368,"column":53}},"131":{"start":{"line":370,"column":21},"end":{"line":370,"column":114}},"132":{"start":{"line":372,"column":21},"end":{"line":375,"column":8}},"133":{"start":{"line":377,"column":6},"end":{"line":377,"column":33}},"134":{"start":{"line":379,"column":6},"end":{"line":379,"column":70}},"135":{"start":{"line":380,"column":6},"end":{"line":380,"column":19}},"136":{"start":{"line":388,"column":4},"end":{"line":391,"column":5}},"137":{"start":{"line":389,"column":6},"end":{"line":389,"column":38}},"138":{"start":{"line":390,"column":6},"end":{"line":390,"column":13}},"139":{"start":{"line":393,"column":20},"end":{"line":393,"column":51}},"140":{"start":{"line":394,"column":4},"end":{"line":397,"column":5}},"141":{"start":{"line":395,"column":6},"end":{"line":395,"column":35}},"142":{"start":{"line":396,"column":6},"end":{"line":396,"column":13}},"143":{"start":{"line":399,"column":4},"end":{"line":402,"column":5}},"144":{"start":{"line":400,"column":6},"end":{"line":400,"column":34}},"145":{"start":{"line":401,"column":6},"end":{"line":401,"column":13}},"146":{"start":{"line":404,"column":4},"end":{"line":409,"column":5}},"147":{"start":{"line":405,"column":6},"end":{"line":407,"column":7}},"148":{"start":{"line":406,"column":8},"end":{"line":406,"column":37}},"149":{"start":{"line":408,"column":6},"end":{"line":408,"column":13}},"150":{"start":{"line":411,"column":4},"end":{"line":411,"column":32}},"151":{"start":{"line":418,"column":4},"end":{"line":423,"column":6}},"152":{"start":{"line":430,"column":16},"end":{"line":430,"column":26}},"153":{"start":{"line":432,"column":4},"end":{"line":438,"column":5}},"154":{"start":{"line":433,"column":25},"end":{"line":433,"column":77}},"155":{"start":{"line":435,"column":6},"end":{"line":437,"column":7}},"156":{"start":{"line":436,"column":8},"end":{"line":436,"column":36}},"157":{"start":{"line":445,"column":4},"end":{"line":445,"column":20}},"158":{"start":{"line":446,"column":4},"end":{"line":446,"column":34}},"159":{"start":{"line":447,"column":4},"end":{"line":447,"column":27}},"160":{"start":{"line":449,"column":4},"end":{"line":452,"column":5}},"161":{"start":{"line":450,"column":6},"end":{"line":450,"column":36}},"162":{"start":{"line":451,"column":6},"end":{"line":451,"column":29}},"163":{"start":{"line":454,"column":4},"end":{"line":454,"column":28}},"164":{"start":{"line":456,"column":4},"end":{"line":463,"column":6}},"165":{"start":{"line":470,"column":4},"end":{"line":473,"column":5}},"166":{"start":{"line":471,"column":6},"end":{"line":471,"column":36}},"167":{"start":{"line":472,"column":6},"end":{"line":472,"column":29}},"168":{"start":{"line":476,"column":4},"end":{"line":478,"column":5}},"169":{"start":{"line":477,"column":6},"end":{"line":477,"column":19}},"170":{"start":{"line":480,"column":4},"end":{"line":480,"column":76}},"171":{"start":{"line":487,"column":4},"end":{"line":487,"column":59}},"172":{"start":{"line":487,"column":34},"end":{"line":487,"column":57}},"173":{"start":{"line":491,"column":0},"end":{"line":491,"column":43}}},"fnMap":{"0":{"name":"(anonymous_0)","decl":{"start":{"line":24,"column":2},"end":{"line":24,"column":3}},"loc":{"start":{"line":24,"column":27},"end":{"line":81,"column":3}},"line":24},"1":{"name":"(anonymous_1)","decl":{"start":{"line":83,"column":2},"end":{"line":83,"column":3}},"loc":{"start":{"line":83,"column":28},"end":{"line":90,"column":3}},"line":83},"2":{"name":"(anonymous_2)","decl":{"start":{"line":89,"column":27},"end":{"line":89,"column":28}},"loc":{"start":{"line":89,"column":32},"end":{"line":89,"column":48}},"line":89},"3":{"name":"(anonymous_3)","decl":{"start":{"line":92,"column":2},"end":{"line":92,"column":3}},"loc":{"start":{"line":92,"column":21},"end":{"line":94,"column":3}},"line":92},"4":{"name":"(anonymous_4)","decl":{"start":{"line":106,"column":2},"end":{"line":106,"column":3}},"loc":{"start":{"line":106,"column":24},"end":{"line":161,"column":3}},"line":106},"5":{"name":"(anonymous_5)","decl":{"start":{"line":157,"column":35},"end":{"line":157,"column":36}},"loc":{"start":{"line":157,"column":41},"end":{"line":157,"column":53}},"line":157},"6":{"name":"(anonymous_6)","decl":{"start":{"line":166,"column":2},"end":{"line":166,"column":3}},"loc":{"start":{"line":166,"column":28},"end":{"line":190,"column":3}},"line":166},"7":{"name":"(anonymous_7)","decl":{"start":{"line":195,"column":2},"end":{"line":195,"column":3}},"loc":{"start":{"line":195,"column":33},"end":{"line":198,"column":3}},"line":195},"8":{"name":"(anonymous_8)","decl":{"start":{"line":203,"column":2},"end":{"line":203,"column":3}},"loc":{"start":{"line":203,"column":31},"end":{"line":213,"column":3}},"line":203},"9":{"name":"(anonymous_9)","decl":{"start":{"line":218,"column":2},"end":{"line":218,"column":3}},"loc":{"start":{"line":218,"column":29},"end":{"line":230,"column":3}},"line":218},"10":{"name":"(anonymous_10)","decl":{"start":{"line":235,"column":2},"end":{"line":235,"column":3}},"loc":{"start":{"line":235,"column":25},"end":{"line":237,"column":3}},"line":235},"11":{"name":"(anonymous_11)","decl":{"start":{"line":242,"column":2},"end":{"line":242,"column":3}},"loc":{"start":{"line":242,"column":16},"end":{"line":260,"column":3}},"line":242},"12":{"name":"(anonymous_12)","decl":{"start":{"line":265,"column":2},"end":{"line":265,"column":3}},"loc":{"start":{"line":265,"column":27},"end":{"line":296,"column":3}},"line":265},"13":{"name":"(anonymous_13)","decl":{"start":{"line":301,"column":2},"end":{"line":301,"column":3}},"loc":{"start":{"line":301,"column":36},"end":{"line":321,"column":3}},"line":301},"14":{"name":"(anonymous_14)","decl":{"start":{"line":326,"column":2},"end":{"line":326,"column":3}},"loc":{"start":{"line":326,"column":43},"end":{"line":358,"column":3}},"line":326},"15":{"name":"(anonymous_15)","decl":{"start":{"line":363,"column":2},"end":{"line":363,"column":3}},"loc":{"start":{"line":363,"column":36},"end":{"line":382,"column":3}},"line":363},"16":{"name":"(anonymous_16)","decl":{"start":{"line":387,"column":2},"end":{"line":387,"column":3}},"loc":{"start":{"line":387,"column":31},"end":{"line":412,"column":3}},"line":387},"17":{"name":"(anonymous_17)","decl":{"start":{"line":417,"column":2},"end":{"line":417,"column":3}},"loc":{"start":{"line":417,"column":13},"end":{"line":424,"column":3}},"line":417},"18":{"name":"(anonymous_18)","decl":{"start":{"line":429,"column":2},"end":{"line":429,"column":3}},"loc":{"start":{"line":429,"column":26},"end":{"line":439,"column":3}},"line":429},"19":{"name":"(anonymous_19)","decl":{"start":{"line":444,"column":2},"end":{"line":444,"column":3}},"loc":{"start":{"line":444,"column":10},"end":{"line":464,"column":3}},"line":444},"20":{"name":"(anonymous_20)","decl":{"start":{"line":469,"column":2},"end":{"line":469,"column":3}},"loc":{"start":{"line":469,"column":13},"end":{"line":481,"column":3}},"line":469},"21":{"name":"(anonymous_21)","decl":{"start":{"line":486,"column":2},"end":{"line":486,"column":3}},"loc":{"start":{"line":486,"column":12},"end":{"line":488,"column":3}},"line":486},"22":{"name":"(anonymous_22)","decl":{"start":{"line":487,"column":23},"end":{"line":487,"column":24}},"loc":{"start":{"line":487,"column":34},"end":{"line":487,"column":57}},"line":487}},"branchMap":{"0":{"loc":{"start":{"line":24,"column":14},"end":{"line":24,"column":25}},"type":"default-arg","locations":[{"start":{"line":24,"column":23},"end":{"line":24,"column":25}}],"line":24},"1":{"loc":{"start":{"line":25,"column":20},"end":{"line":25,"column":52}},"type":"binary-expr","locations":[{"start":{"line":25,"column":20},"end":{"line":25,"column":35}},{"start":{"line":25,"column":39},"end":{"line":25,"column":52}}],"line":25},"2":{"loc":{"start":{"line":31,"column":24},"end":{"line":31,"column":50}},"type":"binary-expr","locations":[{"start":{"line":31,"column":24},"end":{"line":31,"column":43}},{"start":{"line":31,"column":47},"end":{"line":31,"column":50}}],"line":31},"3":{"loc":{"start":{"line":35,"column":33},"end":{"line":35,"column":69}},"type":"binary-expr","locations":[{"start":{"line":35,"column":33},"end":{"line":35,"column":61}},{"start":{"line":35,"column":65},"end":{"line":35,"column":69}}],"line":35},"4":{"loc":{"start":{"line":39,"column":29},"end":{"line":39,"column":62}},"type":"binary-expr","locations":[{"start":{"line":39,"column":29},"end":{"line":39,"column":53}},{"start":{"line":39,"column":57},"end":{"line":39,"column":62}}],"line":39},"5":{"loc":{"start":{"line":41,"column":22},"end":{"line":41,"column":57}},"type":"binary-expr","locations":[{"start":{"line":41,"column":22},"end":{"line":41,"column":47}},{"start":{"line":41,"column":51},"end":{"line":41,"column":57}}],"line":41},"6":{"loc":{"start":{"line":42,"column":19},"end":{"line":42,"column":56}},"type":"binary-expr","locations":[{"start":{"line":42,"column":19},"end":{"line":42,"column":46}},{"start":{"line":42,"column":50},"end":{"line":42,"column":56}}],"line":42},"7":{"loc":{"start":{"line":43,"column":21},"end":{"line":43,"column":60}},"type":"binary-expr","locations":[{"start":{"line":43,"column":21},"end":{"line":43,"column":50}},{"start":{"line":43,"column":54},"end":{"line":43,"column":60}}],"line":43},"8":{"loc":{"start":{"line":44,"column":22},"end":{"line":44,"column":62}},"type":"binary-expr","locations":[{"start":{"line":44,"column":22},"end":{"line":44,"column":52}},{"start":{"line":44,"column":56},"end":{"line":44,"column":62}}],"line":44},"9":{"loc":{"start":{"line":45,"column":16},"end":{"line":45,"column":50}},"type":"binary-expr","locations":[{"start":{"line":45,"column":16},"end":{"line":45,"column":40}},{"start":{"line":45,"column":44},"end":{"line":45,"column":50}}],"line":45},"10":{"loc":{"start":{"line":46,"column":26},"end":{"line":46,"column":61}},"type":"binary-expr","locations":[{"start":{"line":46,"column":26},"end":{"line":46,"column":51}},{"start":{"line":46,"column":55},"end":{"line":46,"column":61}}],"line":46},"11":{"loc":{"start":{"line":47,"column":27},"end":{"line":47,"column":63}},"type":"binary-expr","locations":[{"start":{"line":47,"column":27},"end":{"line":47,"column":53}},{"start":{"line":47,"column":57},"end":{"line":47,"column":63}}],"line":47},"12":{"loc":{"start":{"line":48,"column":26},"end":{"line":48,"column":62}},"type":"binary-expr","locations":[{"start":{"line":48,"column":26},"end":{"line":48,"column":52}},{"start":{"line":48,"column":56},"end":{"line":48,"column":62}}],"line":48},"13":{"loc":{"start":{"line":49,"column":20},"end":{"line":49,"column":50}},"type":"binary-expr","locations":[{"start":{"line":49,"column":20},"end":{"line":49,"column":40}},{"start":{"line":49,"column":44},"end":{"line":49,"column":50}}],"line":49},"14":{"loc":{"start":{"line":50,"column":24},"end":{"line":50,"column":58}},"type":"binary-expr","locations":[{"start":{"line":50,"column":24},"end":{"line":50,"column":48}},{"start":{"line":50,"column":52},"end":{"line":50,"column":58}}],"line":50},"15":{"loc":{"start":{"line":56,"column":31},"end":{"line":56,"column":62}},"type":"binary-expr","locations":[{"start":{"line":56,"column":31},"end":{"line":56,"column":57}},{"start":{"line":56,"column":61},"end":{"line":56,"column":62}}],"line":56},"16":{"loc":{"start":{"line":57,"column":22},"end":{"line":57,"column":44}},"type":"binary-expr","locations":[{"start":{"line":57,"column":22},"end":{"line":57,"column":39}},{"start":{"line":57,"column":43},"end":{"line":57,"column":44}}],"line":57},"17":{"loc":{"start":{"line":58,"column":24},"end":{"line":58,"column":51}},"type":"binary-expr","locations":[{"start":{"line":58,"column":24},"end":{"line":58,"column":43}},{"start":{"line":58,"column":47},"end":{"line":58,"column":51}}],"line":58},"18":{"loc":{"start":{"line":71,"column":27},"end":{"line":71,"column":57}},"type":"binary-expr","locations":[{"start":{"line":71,"column":27},"end":{"line":71,"column":49}},{"start":{"line":71,"column":53},"end":{"line":71,"column":57}}],"line":71},"19":{"loc":{"start":{"line":74,"column":27},"end":{"line":74,"column":108}},"type":"binary-expr","locations":[{"start":{"line":74,"column":27},"end":{"line":74,"column":41}},{"start":{"line":74,"column":45},"end":{"line":74,"column":108}}],"line":74},"20":{"loc":{"start":{"line":76,"column":18},"end":{"line":80,"column":6}},"type":"binary-expr","locations":[{"start":{"line":76,"column":18},"end":{"line":76,"column":31}},{"start":{"line":76,"column":35},"end":{"line":80,"column":6}}],"line":76},"21":{"loc":{"start":{"line":89,"column":11},"end":{"line":89,"column":57}},"type":"binary-expr","locations":[{"start":{"line":89,"column":11},"end":{"line":89,"column":49}},{"start":{"line":89,"column":53},"end":{"line":89,"column":57}}],"line":89},"22":{"loc":{"start":{"line":93,"column":11},"end":{"line":93,"column":76}},"type":"cond-expr","locations":[{"start":{"line":93,"column":49},"end":{"line":93,"column":69}},{"start":{"line":93,"column":72},"end":{"line":93,"column":76}}],"line":93},"23":{"loc":{"start":{"line":107,"column":4},"end":{"line":109,"column":5}},"type":"if","locations":[{"start":{"line":107,"column":4},"end":{"line":109,"column":5}},{"start":{},"end":{}}],"line":107},"24":{"loc":{"start":{"line":111,"column":4},"end":{"line":114,"column":5}},"type":"if","locations":[{"start":{"line":111,"column":4},"end":{"line":114,"column":5}},{"start":{},"end":{}}],"line":111},"25":{"loc":{"start":{"line":120,"column":13},"end":{"line":120,"column":41}},"type":"binary-expr","locations":[{"start":{"line":120,"column":13},"end":{"line":120,"column":31}},{"start":{"line":120,"column":35},"end":{"line":120,"column":41}}],"line":120},"26":{"loc":{"start":{"line":121,"column":12},"end":{"line":121,"column":42}},"type":"binary-expr","locations":[{"start":{"line":121,"column":12},"end":{"line":121,"column":29}},{"start":{"line":121,"column":33},"end":{"line":121,"column":42}}],"line":121},"27":{"loc":{"start":{"line":122,"column":16},"end":{"line":122,"column":43}},"type":"binary-expr","locations":[{"start":{"line":122,"column":16},"end":{"line":122,"column":37}},{"start":{"line":122,"column":41},"end":{"line":122,"column":43}}],"line":122},"28":{"loc":{"start":{"line":127,"column":4},"end":{"line":134,"column":5}},"type":"if","locations":[{"start":{"line":127,"column":4},"end":{"line":134,"column":5}},{"start":{},"end":{}}],"line":127},"29":{"loc":{"start":{"line":137,"column":4},"end":{"line":144,"column":5}},"type":"if","locations":[{"start":{"line":137,"column":4},"end":{"line":144,"column":5}},{"start":{},"end":{}}],"line":137},"30":{"loc":{"start":{"line":156,"column":4},"end":{"line":158,"column":5}},"type":"if","locations":[{"start":{"line":156,"column":4},"end":{"line":158,"column":5}},{"start":{},"end":{}}],"line":156},"31":{"loc":{"start":{"line":156,"column":8},"end":{"line":156,"column":44}},"type":"binary-expr","locations":[{"start":{"line":156,"column":8},"end":{"line":156,"column":24}},{"start":{"line":156,"column":28},"end":{"line":156,"column":44}}],"line":156},"32":{"loc":{"start":{"line":170,"column":4},"end":{"line":182,"column":5}},"type":"if","locations":[{"start":{"line":170,"column":4},"end":{"line":182,"column":5}},{"start":{},"end":{}}],"line":170},"33":{"loc":{"start":{"line":173,"column":6},"end":{"line":177,"column":7}},"type":"if","locations":[{"start":{"line":173,"column":6},"end":{"line":177,"column":7}},{"start":{},"end":{}}],"line":173},"34":{"loc":{"start":{"line":204,"column":4},"end":{"line":206,"column":5}},"type":"if","locations":[{"start":{"line":204,"column":4},"end":{"line":206,"column":5}},{"start":{},"end":{}}],"line":204},"35":{"loc":{"start":{"line":209,"column":6},"end":{"line":211,"column":7}},"type":"if","locations":[{"start":{"line":209,"column":6},"end":{"line":211,"column":7}},{"start":{},"end":{}}],"line":209},"36":{"loc":{"start":{"line":222,"column":4},"end":{"line":224,"column":5}},"type":"if","locations":[{"start":{"line":222,"column":4},"end":{"line":224,"column":5}},{"start":{},"end":{}}],"line":222},"37":{"loc":{"start":{"line":227,"column":23},"end":{"line":227,"column":75}},"type":"binary-expr","locations":[{"start":{"line":227,"column":23},"end":{"line":227,"column":49}},{"start":{"line":227,"column":53},"end":{"line":227,"column":75}}],"line":227},"38":{"loc":{"start":{"line":243,"column":4},"end":{"line":245,"column":5}},"type":"if","locations":[{"start":{"line":243,"column":4},"end":{"line":245,"column":5}},{"start":{},"end":{}}],"line":243},"39":{"loc":{"start":{"line":243,"column":8},"end":{"line":243,"column":50}},"type":"binary-expr","locations":[{"start":{"line":243,"column":8},"end":{"line":243,"column":23}},{"start":{"line":243,"column":27},"end":{"line":243,"column":50}}],"line":243},"40":{"loc":{"start":{"line":249,"column":4},"end":{"line":252,"column":5}},"type":"if","locations":[{"start":{"line":249,"column":4},"end":{"line":252,"column":5}},{"start":{},"end":{}}],"line":249},"41":{"loc":{"start":{"line":266,"column":23},"end":{"line":266,"column":106}},"type":"cond-expr","locations":[{"start":{"line":266,"column":64},"end":{"line":266,"column":102}},{"start":{"line":266,"column":105},"end":{"line":266,"column":106}}],"line":266},"42":{"loc":{"start":{"line":269,"column":6},"end":{"line":272,"column":7}},"type":"if","locations":[{"start":{"line":269,"column":6},"end":{"line":272,"column":7}},{"start":{},"end":{}}],"line":269},"43":{"loc":{"start":{"line":276,"column":6},"end":{"line":286,"column":7}},"type":"if","locations":[{"start":{"line":276,"column":6},"end":{"line":286,"column":7}},{"start":{},"end":{}}],"line":276},"44":{"loc":{"start":{"line":305,"column":4},"end":{"line":309,"column":5}},"type":"if","locations":[{"start":{"line":305,"column":4},"end":{"line":309,"column":5}},{"start":{},"end":{}}],"line":305},"45":{"loc":{"start":{"line":306,"column":6},"end":{"line":308,"column":7}},"type":"if","locations":[{"start":{"line":306,"column":6},"end":{"line":308,"column":7}},{"start":{},"end":{}}],"line":306},"46":{"loc":{"start":{"line":312,"column":4},"end":{"line":316,"column":5}},"type":"if","locations":[{"start":{"line":312,"column":4},"end":{"line":316,"column":5}},{"start":{},"end":{}}],"line":312},"47":{"loc":{"start":{"line":313,"column":6},"end":{"line":315,"column":7}},"type":"if","locations":[{"start":{"line":313,"column":6},"end":{"line":315,"column":7}},{"start":{},"end":{}}],"line":313},"48":{"loc":{"start":{"line":329,"column":20},"end":{"line":329,"column":89}},"type":"cond-expr","locations":[{"start":{"line":329,"column":40},"end":{"line":329,"column":47}},{"start":{"line":329,"column":50},"end":{"line":329,"column":89}}],"line":329},"49":{"loc":{"start":{"line":329,"column":50},"end":{"line":329,"column":89}},"type":"cond-expr","locations":[{"start":{"line":329,"column":69},"end":{"line":329,"column":80}},{"start":{"line":329,"column":83},"end":{"line":329,"column":89}}],"line":329},"50":{"loc":{"start":{"line":330,"column":23},"end":{"line":330,"column":87}},"type":"cond-expr","locations":[{"start":{"line":330,"column":63},"end":{"line":330,"column":82}},{"start":{"line":330,"column":85},"end":{"line":330,"column":87}}],"line":330},"51":{"loc":{"start":{"line":330,"column":23},"end":{"line":330,"column":60}},"type":"binary-expr","locations":[{"start":{"line":330,"column":23},"end":{"line":330,"column":40}},{"start":{"line":330,"column":44},"end":{"line":330,"column":60}}],"line":330},"52":{"loc":{"start":{"line":340,"column":6},"end":{"line":342,"column":7}},"type":"if","locations":[{"start":{"line":340,"column":6},"end":{"line":342,"column":7}},{"start":{},"end":{}}],"line":340},"53":{"loc":{"start":{"line":344,"column":6},"end":{"line":346,"column":7}},"type":"if","locations":[{"start":{"line":344,"column":6},"end":{"line":346,"column":7}},{"start":{},"end":{}}],"line":344},"54":{"loc":{"start":{"line":366,"column":20},"end":{"line":366,"column":89}},"type":"cond-expr","locations":[{"start":{"line":366,"column":40},"end":{"line":366,"column":47}},{"start":{"line":366,"column":50},"end":{"line":366,"column":89}}],"line":366},"55":{"loc":{"start":{"line":366,"column":50},"end":{"line":366,"column":89}},"type":"cond-expr","locations":[{"start":{"line":366,"column":69},"end":{"line":366,"column":80}},{"start":{"line":366,"column":83},"end":{"line":366,"column":89}}],"line":366},"56":{"loc":{"start":{"line":387,"column":20},"end":{"line":387,"column":29}},"type":"default-arg","locations":[{"start":{"line":387,"column":27},"end":{"line":387,"column":29}}],"line":387},"57":{"loc":{"start":{"line":388,"column":4},"end":{"line":391,"column":5}},"type":"if","locations":[{"start":{"line":388,"column":4},"end":{"line":391,"column":5}},{"start":{},"end":{}}],"line":388},"58":{"loc":{"start":{"line":388,"column":8},"end":{"line":388,"column":63}},"type":"binary-expr","locations":[{"start":{"line":388,"column":8},"end":{"line":388,"column":19}},{"start":{"line":388,"column":23},"end":{"line":388,"column":63}}],"line":388},"59":{"loc":{"start":{"line":394,"column":4},"end":{"line":397,"column":5}},"type":"if","locations":[{"start":{"line":394,"column":4},"end":{"line":397,"column":5}},{"start":{},"end":{}}],"line":394},"60":{"loc":{"start":{"line":399,"column":4},"end":{"line":402,"column":5}},"type":"if","locations":[{"start":{"line":399,"column":4},"end":{"line":402,"column":5}},{"start":{},"end":{}}],"line":399},"61":{"loc":{"start":{"line":404,"column":4},"end":{"line":409,"column":5}},"type":"if","locations":[{"start":{"line":404,"column":4},"end":{"line":409,"column":5}},{"start":{},"end":{}}],"line":404},"62":{"loc":{"start":{"line":405,"column":6},"end":{"line":407,"column":7}},"type":"if","locations":[{"start":{"line":405,"column":6},"end":{"line":407,"column":7}},{"start":{},"end":{}}],"line":405},"63":{"loc":{"start":{"line":433,"column":25},"end":{"line":433,"column":77}},"type":"binary-expr","locations":[{"start":{"line":433,"column":25},"end":{"line":433,"column":51}},{"start":{"line":433,"column":55},"end":{"line":433,"column":77}}],"line":433},"64":{"loc":{"start":{"line":435,"column":6},"end":{"line":437,"column":7}},"type":"if","locations":[{"start":{"line":435,"column":6},"end":{"line":437,"column":7}},{"start":{},"end":{}}],"line":435},"65":{"loc":{"start":{"line":449,"column":4},"end":{"line":452,"column":5}},"type":"if","locations":[{"start":{"line":449,"column":4},"end":{"line":452,"column":5}},{"start":{},"end":{}}],"line":449},"66":{"loc":{"start":{"line":470,"column":4},"end":{"line":473,"column":5}},"type":"if","locations":[{"start":{"line":470,"column":4},"end":{"line":473,"column":5}},{"start":{},"end":{}}],"line":470},"67":{"loc":{"start":{"line":476,"column":4},"end":{"line":478,"column":5}},"type":"if","locations":[{"start":{"line":476,"column":4},"end":{"line":478,"column":5}},{"start":{},"end":{}}],"line":476}},"s":{"0":0,"1":0,"2":0,"3":0,"4":0,"5":0,"6":0,"7":0,"8":0,"9":0,"10":0,"11":0,"12":0,"13":0,"14":0,"15":0,"16":0,"17":0,"18":0,"19":0,"20":0,"21":0,"22":0,"23":0,"24":0,"25":0,"26":0,"27":0,"28":0,"29":0,"30":0,"31":0,"32":0,"33":0,"34":0,"35":0,"36":0,"37":0,"38":0,"39":0,"40":0,"41":0,"42":0,"43":0,"44":0,"45":0,"46":0,"47":0,"48":0,"49":0,"50":0,"51":0,"52":0,"53":0,"54":0,"55":0,"56":0,"57":0,"58":0,"59":0,"60":0,"61":0,"62":0,"63":0,"64":0,"65":0,"66":0,"67":0,"68":0,"69":0,"70":0,"71":0,"72":0,"73":0,"74":0,"75":0,"76":0,"77":0,"78":0,"79":0,"80":0,"81":0,"82":0,"83":0,"84":0,"85":0,"86":0,"87":0,"88":0,"89":0,"90":0,"91":0,"92":0,"93":0,"94":0,"95":0,"96":0,"97":0,"98":0,"99":0,"100":0,"101":0,"102":0,"103":0,"104":0,"105":0,"106":0,"107":0,"108":0,"109":0,"110":0,"111":0,"112":0,"113":0,"114":0,"115":0,"116":0,"117":0,"118":0,"119":0,"120":0,"121":0,"122":0,"123":0,"124":0,"125":0,"126":0,"127":0,"128":0,"129":0,"130":0,"131":0,"132":0,"133":0,"134":0,"135":0,"136":0,"137":0,"138":0,"139":0,"140":0,"141":0,"142":0,"143":0,"144":0,"145":0,"146":0,"147":0,"148":0,"149":0,"150":0,"151":0,"152":0,"153":0,"154":0,"155":0,"156":0,"157":0,"158":0,"159":0,"160":0,"161":0,"162":0,"163":0,"164":0,"165":0,"166":0,"167":0,"168":0,"169":0,"170":0,"171":0,"172":0,"173":0},"f":{"0":0,"1":0,"2":0,"3":0,"4":0,"5":0,"6":0,"7":0,"8":0,"9":0,"10":0,"11":0,"12":0,"13":0,"14":0,"15":0,"16":0,"17":0,"18":0,"19":0,"20":0,"21":0,"22":0},"b":{"0":[0],"1":[0,0],"2":[0,0],"3":[0,0],"4":[0,0],"5":[0,0],"6":[0,0],"7":[0,0],"8":[0,0],"9":[0,0],"10":[0,0],"11":[0,0],"12":[0,0],"13":[0,0],"14":[0,0],"15":[0,0],"16":[0,0],"17":[0,0],"18":[0,0],"19":[0,0],"20":[0,0],"21":[0,0],"22":[0,0],"23":[0,0],"24":[0,0],"25":[0,0],"26":[0,0],"27":[0,0],"28":[0,0],"29":[0,0],"30":[0,0],"31":[0,0],"32":[0,0],"33":[0,0],"34":[0,0],"35":[0,0],"36":[0,0],"37":[0,0],"38":[0,0],"39":[0,0],"40":[0,0],"41":[0,0],"42":[0,0],"43":[0,0],"44":[0,0],"45":[0,0],"46":[0,0],"47":[0,0],"48":[0,0],"49":[0,0],"50":[0,0],"51":[0,0],"52":[0,0],"53":[0,0],"54":[0,0],"55":[0,0],"56":[0],"57":[0,0],"58":[0,0],"59":[0,0],"60":[0,0],"61":[0,0],"62":[0,0],"63":[0,0],"64":[0,0],"65":[0,0],"66":[0,0],"67":[0,0]}}
}
