TN:
SF:application/services/notification/NotificationCenterService.js
FN:24,(anonymous_0)
FN:83,(anonymous_1)
FN:89,(anonymous_2)
FN:92,(anonymous_3)
FN:106,(anonymous_4)
FN:157,(anonymous_5)
FN:166,(anonymous_6)
FN:195,(anonymous_7)
FN:203,(anonymous_8)
FN:218,(anonymous_9)
FN:235,(anonymous_10)
FN:242,(anonymous_11)
FN:265,(anonymous_12)
FN:301,(anonymous_13)
FN:326,(anonymous_14)
FN:363,(anonymous_15)
FN:387,(anonymous_16)
FN:417,(anonymous_17)
FN:429,(anonymous_18)
FN:444,(anonymous_19)
FN:469,(anonymous_20)
FN:486,(anonymous_21)
FN:487,(anonymous_22)
FNF:23
FNH:0
FNDA:0,(anonymous_0)
FNDA:0,(anonymous_1)
FNDA:0,(anonymous_2)
FNDA:0,(anonymous_3)
FNDA:0,(anonymous_4)
FNDA:0,(anonymous_5)
FNDA:0,(anonymous_6)
FNDA:0,(anonymous_7)
FNDA:0,(anonymous_8)
FNDA:0,(anonymous_9)
FNDA:0,(anonymous_10)
FNDA:0,(anonymous_11)
FNDA:0,(anonymous_12)
FNDA:0,(anonymous_13)
FNDA:0,(anonymous_14)
FNDA:0,(anonymous_15)
FNDA:0,(anonymous_16)
FNDA:0,(anonymous_17)
FNDA:0,(anonymous_18)
FNDA:0,(anonymous_19)
FNDA:0,(anonymous_20)
FNDA:0,(anonymous_21)
FNDA:0,(anonymous_22)
DA:16,0
DA:17,0
DA:18,0
DA:19,0
DA:21,0
DA:25,0
DA:26,0
DA:29,0
DA:30,0
DA:31,0
DA:34,0
DA:35,0
DA:38,0
DA:39,0
DA:40,0
DA:54,0
DA:55,0
DA:56,0
DA:57,0
DA:58,0
DA:61,0
DA:71,0
DA:72,0
DA:74,0
DA:75,0
DA:76,0
DA:84,0
DA:89,0
DA:93,0
DA:107,0
DA:108,0
DA:111,0
DA:112,0
DA:113,0
DA:116,0
DA:127,0
DA:128,0
DA:129,0
DA:133,0
DA:137,0
DA:138,0
DA:139,0
DA:143,0
DA:146,0
DA:147,0
DA:149,0
DA:156,0
DA:157,0
DA:160,0
DA:167,0
DA:168,0
DA:170,0
DA:171,0
DA:173,0
DA:174,0
DA:175,0
DA:176,0
DA:180,0
DA:181,0
DA:184,0
DA:187,0
DA:189,0
DA:196,0
DA:197,0
DA:204,0
DA:205,0
DA:208,0
DA:209,0
DA:210,0
DA:219,0
DA:220,0
DA:222,0
DA:223,0
DA:226,0
DA:227,0
DA:229,0
DA:236,0
DA:243,0
DA:244,0
DA:247,0
DA:249,0
DA:250,0
DA:251,0
DA:254,0
DA:255,0
DA:256,0
DA:259,0
DA:266,0
DA:268,0
DA:269,0
DA:270,0
DA:271,0
DA:274,0
DA:276,0
DA:277,0
DA:278,0
DA:279,0
DA:285,0
DA:289,0
DA:290,0
DA:295,0
DA:302,0
DA:305,0
DA:306,0
DA:307,0
DA:312,0
DA:313,0
DA:314,0
DA:319,0
DA:320,0
DA:327,0
DA:328,0
DA:329,0
DA:330,0
DA:332,0
DA:340,0
DA:341,0
DA:344,0
DA:345,0
DA:348,0
DA:353,0
DA:355,0
DA:356,0
DA:364,0
DA:365,0
DA:366,0
DA:367,0
DA:368,0
DA:370,0
DA:372,0
DA:377,0
DA:379,0
DA:380,0
DA:388,0
DA:389,0
DA:390,0
DA:393,0
DA:394,0
DA:395,0
DA:396,0
DA:399,0
DA:400,0
DA:401,0
DA:404,0
DA:405,0
DA:406,0
DA:408,0
DA:411,0
DA:418,0
DA:430,0
DA:432,0
DA:433,0
DA:435,0
DA:436,0
DA:445,0
DA:446,0
DA:447,0
DA:449,0
DA:450,0
DA:451,0
DA:454,0
DA:456,0
DA:470,0
DA:471,0
DA:472,0
DA:476,0
DA:477,0
DA:480,0
DA:487,0
DA:491,0
LF:170
LH:0
BRDA:24,0,0,0
BRDA:25,1,0,0
BRDA:25,1,1,0
BRDA:31,2,0,0
BRDA:31,2,1,0
BRDA:35,3,0,0
BRDA:35,3,1,0
BRDA:39,4,0,0
BRDA:39,4,1,0
BRDA:41,5,0,0
BRDA:41,5,1,0
BRDA:42,6,0,0
BRDA:42,6,1,0
BRDA:43,7,0,0
BRDA:43,7,1,0
BRDA:44,8,0,0
BRDA:44,8,1,0
BRDA:45,9,0,0
BRDA:45,9,1,0
BRDA:46,10,0,0
BRDA:46,10,1,0
BRDA:47,11,0,0
BRDA:47,11,1,0
BRDA:48,12,0,0
BRDA:48,12,1,0
BRDA:49,13,0,0
BRDA:49,13,1,0
BRDA:50,14,0,0
BRDA:50,14,1,0
BRDA:56,15,0,0
BRDA:56,15,1,0
BRDA:57,16,0,0
BRDA:57,16,1,0
BRDA:58,17,0,0
BRDA:58,17,1,0
BRDA:71,18,0,0
BRDA:71,18,1,0
BRDA:74,19,0,0
BRDA:74,19,1,0
BRDA:76,20,0,0
BRDA:76,20,1,0
BRDA:89,21,0,0
BRDA:89,21,1,0
BRDA:93,22,0,0
BRDA:93,22,1,0
BRDA:107,23,0,0
BRDA:107,23,1,0
BRDA:111,24,0,0
BRDA:111,24,1,0
BRDA:120,25,0,0
BRDA:120,25,1,0
BRDA:121,26,0,0
BRDA:121,26,1,0
BRDA:122,27,0,0
BRDA:122,27,1,0
BRDA:127,28,0,0
BRDA:127,28,1,0
BRDA:137,29,0,0
BRDA:137,29,1,0
BRDA:156,30,0,0
BRDA:156,30,1,0
BRDA:156,31,0,0
BRDA:156,31,1,0
BRDA:170,32,0,0
BRDA:170,32,1,0
BRDA:173,33,0,0
BRDA:173,33,1,0
BRDA:204,34,0,0
BRDA:204,34,1,0
BRDA:209,35,0,0
BRDA:209,35,1,0
BRDA:222,36,0,0
BRDA:222,36,1,0
BRDA:227,37,0,0
BRDA:227,37,1,0
BRDA:243,38,0,0
BRDA:243,38,1,0
BRDA:243,39,0,0
BRDA:243,39,1,0
BRDA:249,40,0,0
BRDA:249,40,1,0
BRDA:266,41,0,0
BRDA:266,41,1,0
BRDA:269,42,0,0
BRDA:269,42,1,0
BRDA:276,43,0,0
BRDA:276,43,1,0
BRDA:305,44,0,0
BRDA:305,44,1,0
BRDA:306,45,0,0
BRDA:306,45,1,0
BRDA:312,46,0,0
BRDA:312,46,1,0
BRDA:313,47,0,0
BRDA:313,47,1,0
BRDA:329,48,0,0
BRDA:329,48,1,0
BRDA:329,49,0,0
BRDA:329,49,1,0
BRDA:330,50,0,0
BRDA:330,50,1,0
BRDA:330,51,0,0
BRDA:330,51,1,0
BRDA:340,52,0,0
BRDA:340,52,1,0
BRDA:344,53,0,0
BRDA:344,53,1,0
BRDA:366,54,0,0
BRDA:366,54,1,0
BRDA:366,55,0,0
BRDA:366,55,1,0
BRDA:387,56,0,0
BRDA:388,57,0,0
BRDA:388,57,1,0
BRDA:388,58,0,0
BRDA:388,58,1,0
BRDA:394,59,0,0
BRDA:394,59,1,0
BRDA:399,60,0,0
BRDA:399,60,1,0
BRDA:404,61,0,0
BRDA:404,61,1,0
BRDA:405,62,0,0
BRDA:405,62,1,0
BRDA:433,63,0,0
BRDA:433,63,1,0
BRDA:435,64,0,0
BRDA:435,64,1,0
BRDA:449,65,0,0
BRDA:449,65,1,0
BRDA:470,66,0,0
BRDA:470,66,1,0
BRDA:476,67,0,0
BRDA:476,67,1,0
BRF:134
BRH:0
end_of_record
